<?xml version="1.0" encoding="UTF-8"?>
<!-- Generated by org.testng.reporters.JUnitXMLReporter -->
<testsuite ignored="0" hostname="aniket-Latitude-3410" failures="17" tests="50" name="Test" time="1097.926" errors="0" timestamp="2023-10-04T14:24:22 IST">
  <testcase classname="com.selldo.Utility.BaseTest" name="@BeforeMethod browserConfig" time="0.075">
    <failure type="io.github.bonigarcia.wdm.config.WebDriverManagerException" message="io.github.bonigarcia.wdm.config.WebDriverManagerException: java.net.UnknownHostException: chromedriver.storage.googleapis.com">
      <![CDATA[io.github.bonigarcia.wdm.config.WebDriverManagerException: io.github.bonigarcia.wdm.config.WebDriverManagerException: java.net.UnknownHostException: chromedriver.storage.googleapis.com
at io.github.bonigarcia.wdm.WebDriverManager.handleException(WebDriverManager.java:1423)
at io.github.bonigarcia.wdm.WebDriverManager.manage(WebDriverManager.java:1204)
at io.github.bonigarcia.wdm.WebDriverManager.fallback(WebDriverManager.java:1439)
at io.github.bonigarcia.wdm.WebDriverManager.handleException(WebDriverManager.java:1420)
at io.github.bonigarcia.wdm.WebDriverManager.manage(WebDriverManager.java:1204)
at io.github.bonigarcia.wdm.WebDriverManager.handleException(WebDriverManager.java:1413)
at io.github.bonigarcia.wdm.WebDriverManager.manage(WebDriverManager.java:1204)
at io.github.bonigarcia.wdm.WebDriverManager.setup(WebDriverManager.java:419)
at com.selldo.Utility.BaseTest.browserConfig(BaseTest.java:82)
at java.base/java.util.ArrayList.forEach(ArrayList.java:1511)
Caused by: io.github.bonigarcia.wdm.config.WebDriverManagerException: java.net.UnknownHostException: chromedriver.storage.googleapis.com
at io.github.bonigarcia.wdm.WebDriverManager.getDriversFromXml(WebDriverManager.java:1577)
at io.github.bonigarcia.wdm.managers.ChromeDriverManager.getDriverUrls(ChromeDriverManager.java:106)
at io.github.bonigarcia.wdm.WebDriverManager.createUrlHandler(WebDriverManager.java:1444)
at io.github.bonigarcia.wdm.WebDriverManager.download(WebDriverManager.java:1279)
at io.github.bonigarcia.wdm.WebDriverManager.manage(WebDriverManager.java:1198)
... 38 more
Caused by: java.net.UnknownHostException: chromedriver.storage.googleapis.com
at java.base/java.net.InetAddress$CachedAddresses.get(InetAddress.java:801)
at java.base/java.net.InetAddress.getAllByName0(InetAddress.java:1533)
at java.base/java.net.InetAddress.getAllByName(InetAddress.java:1385)
at java.base/java.net.InetAddress.getAllByName(InetAddress.java:1306)
at org.apache.hc.client5.http.SystemDefaultDnsResolver.resolve(SystemDefaultDnsResolver.java:43)
at org.apache.hc.client5.http.impl.io.DefaultHttpClientConnectionOperator.connect(DefaultHttpClientConnectionOperator.java:141)
at org.apache.hc.client5.http.impl.io.PoolingHttpClientConnectionManager.connect(PoolingHttpClientConnectionManager.java:447)
at org.apache.hc.client5.http.impl.classic.InternalExecRuntime.connectEndpoint(InternalExecRuntime.java:162)
at org.apache.hc.client5.http.impl.classic.InternalExecRuntime.connectEndpoint(InternalExecRuntime.java:172)
at org.apache.hc.client5.http.impl.classic.ConnectExec.execute(ConnectExec.java:142)
at org.apache.hc.client5.http.impl.classic.ExecChainElement.execute(ExecChainElement.java:51)
at org.apache.hc.client5.http.impl.classic.ProtocolExec.execute(ProtocolExec.java:192)
at org.apache.hc.client5.http.impl.classic.ExecChainElement.execute(ExecChainElement.java:51)
at org.apache.hc.client5.http.impl.classic.HttpRequestRetryExec.execute(HttpRequestRetryExec.java:96)
at org.apache.hc.client5.http.impl.classic.ExecChainElement.execute(ExecChainElement.java:51)
at org.apache.hc.client5.http.impl.classic.ContentCompressionExec.execute(ContentCompressionExec.java:152)
at org.apache.hc.client5.http.impl.classic.ExecChainElement.execute(ExecChainElement.java:51)
at org.apache.hc.client5.http.impl.classic.RedirectExec.execute(RedirectExec.java:115)
at org.apache.hc.client5.http.impl.classic.ExecChainElement.execute(ExecChainElement.java:51)
at org.apache.hc.client5.http.impl.classic.InternalHttpClient.doExecute(InternalHttpClient.java:170)
at org.apache.hc.client5.http.impl.classic.CloseableHttpClient.execute(CloseableHttpClient.java:87)
at org.apache.hc.client5.http.impl.classic.CloseableHttpClient.execute(CloseableHttpClient.java:55)
at org.apache.hc.client5.http.classic.HttpClient.executeOpen(HttpClient.java:183)
at io.github.bonigarcia.wdm.online.HttpClient.execute(HttpClient.java:162)
at io.github.bonigarcia.wdm.WebDriverManager.getDriversFromXml(WebDriverManager.java:1562)
... 42 more
... Removed 30 stack frames]]>
    </failure>
  </testcase> <!-- @BeforeMethod browserConfig -->
  <testcase classname="exportPackage.ExportVirtualNumbersTest" name="exportVirtualNumbersTest" time="38.855"/>
  <testcase classname="exportPackage.ExportProjectUnitsTest" name="exportProjectUnitsTest" time="32.617">
    <skipped/>
  </testcase> <!-- exportProjectUnitsTest -->
  <testcase classname="exportPackage.ExportProjectUnitsTest" name="exportProjectUnitsTest" time="42.436"/>
  <testcase classname="exportPackage.ExportInvoices_ItemizedBill_EmailTest" name="exportInvoices_ItemizedBill_EmailTest" time="45.169"/>
  <testcase classname="exportPackage.ExportInvoices_ItemizedBill_CalllTest" name="exportInvoices_ItemizedBill_CalllTest" time="44.309"/>
  <testcase classname="exportPackage.ExportFollowupsTest" name="exportFollowupsTest" time="18.702">
    <skipped/>
  </testcase> <!-- exportFollowupsTest -->
  <testcase classname="exportPackage.ExportFollowupsTest" name="exportFollowupsTest" time="12.699">
    <failure type="org.openqa.selenium.TimeoutException" message="Expected condition failed: waiting for element to be clickable: [[ChromeDriver: chrome on linux (cf1492a72d3fee66da1be3f0353e0ee9)] -&amp;gt; xpath: //div[@class=&amp;apos;ranges&amp;apos;]//ul//li] (tried for 5 second(s) with 500 milliseconds interval)
Build info: version: &amp;apos;4.9.1&amp;apos;, revision: &amp;apos;eb2032df7f&amp;apos;
System info: os.name: &amp;apos;Linux&amp;apos;, os.arch: &amp;apos;amd64&amp;apos;, os.version: &amp;apos;6.2.0-33-generic&amp;apos;, java.version: &amp;apos;17.0.7&amp;apos;
Driver info: org.openqa.selenium.chrome.ChromeDriver
Capabilities {acceptInsecureCerts: false, browserName: chrome, browserVersion: 115.0.5790.98, chrome: {chromedriverVersion: 114.0.5735.90 (386bc09e8f4f..., userDataDir: /tmp/.com.google.Chrome.0aNlxH}, goog:chromeOptions: {debuggerAddress: localhost:39473}, networkConnectionEnabled: false, pageLoadStrategy: normal, platformName: linux, proxy: Proxy(), se:cdp: ws://localhost:39473/devtoo..., se:cdpVersion: 115.0.5790.98, setWindowRect: true, strictFileInteractability: false, timeouts: {implicit: 0, pageLoad: 300000, script: 30000}, unhandledPromptBehavior: dismiss and notify, webauthn:extension:credBlob: true, webauthn:extension:largeBlob: true, webauthn:extension:minPinLength: true, webauthn:extension:prf: true, webauthn:virtualAuthenticators: true}
Session ID: cf1492a72d3fee66da1be3f0353e0ee9">
      <![CDATA[org.openqa.selenium.TimeoutException: Expected condition failed: waiting for element to be clickable: [[ChromeDriver: chrome on linux (cf1492a72d3fee66da1be3f0353e0ee9)] -> xpath: //div[@class='ranges']//ul//li] (tried for 5 second(s) with 500 milliseconds interval)
Build info: version: '4.9.1', revision: 'eb2032df7f'
System info: os.name: 'Linux', os.arch: 'amd64', os.version: '6.2.0-33-generic', java.version: '17.0.7'
Driver info: org.openqa.selenium.chrome.ChromeDriver
Capabilities {acceptInsecureCerts: false, browserName: chrome, browserVersion: 115.0.5790.98, chrome: {chromedriverVersion: 114.0.5735.90 (386bc09e8f4f..., userDataDir: /tmp/.com.google.Chrome.0aNlxH}, goog:chromeOptions: {debuggerAddress: localhost:39473}, networkConnectionEnabled: false, pageLoadStrategy: normal, platformName: linux, proxy: Proxy(), se:cdp: ws://localhost:39473/devtoo..., se:cdpVersion: 115.0.5790.98, setWindowRect: true, strictFileInteractability: false, timeouts: {implicit: 0, pageLoad: 300000, script: 30000}, unhandledPromptBehavior: dismiss and notify, webauthn:extension:credBlob: true, webauthn:extension:largeBlob: true, webauthn:extension:minPinLength: true, webauthn:extension:prf: true, webauthn:virtualAuthenticators: true}
Session ID: cf1492a72d3fee66da1be3f0353e0ee9
at org.openqa.selenium.support.ui.WebDriverWait.timeoutException(WebDriverWait.java:87)
at org.openqa.selenium.support.ui.FluentWait.until(FluentWait.java:231)
at com.selldo.Utility.ReusableUtils.waitUntilClickable(ReusableUtils.java:96)
at com.selldo.POM.adminPages.ExportPage.selectDuration(ExportPage.java:261)
at exportPackage.ExportFollowupsTest.exportFollowupsTest(ExportFollowupsTest.java:29)
at java.base/java.util.ArrayList.forEach(ArrayList.java:1511)
... Removed 27 stack frames]]>
    </failure>
  </testcase> <!-- exportFollowupsTest -->
  <testcase classname="exportPackage.ExportUserLogsTest" name="exportUserLogsTest" time="61.229">
    <skipped/>
  </testcase> <!-- exportUserLogsTest -->
  <testcase classname="exportPackage.ExportUserLogsTest" name="exportUserLogsTest" time="36.593"/>
  <testcase classname="exportPackage.ExportProjectsTest" name="exportProjectsTest" time="49.654"/>
  <testcase classname="exportPackage.ExportTasksTest" name="exportTasksTest" time="36.979"/>
  <testcase classname="exportPackage.ExportBookingsTest" name="exportBookingsTest" time="45.65"/>
  <testcase classname="exportPackage.ExportCampaignsTest" name="exportCampaignsTest" time="86.119"/>
  <testcase classname="exportPackage.ExportCallsTest" name="exportCallsTest" time="47.162"/>
  <testcase classname="exportPackage.ExportLeadsTest" name="exportLeadsTest" time="12.309">
    <skipped/>
  </testcase> <!-- exportLeadsTest -->
  <testcase classname="exportPackage.ExportLeadsTest" name="exportLeadsTest" time="13.219">
    <failure type="org.openqa.selenium.TimeoutException" message="Expected condition failed: waiting for element to be clickable: [[ChromeDriver: chrome on linux (04b818c88d8917200169a9bf81aa0010)] -&amp;gt; xpath: //div[@class=&amp;apos;ranges&amp;apos;]//ul//li] (tried for 5 second(s) with 500 milliseconds interval)
Build info: version: &amp;apos;4.9.1&amp;apos;, revision: &amp;apos;eb2032df7f&amp;apos;
System info: os.name: &amp;apos;Linux&amp;apos;, os.arch: &amp;apos;amd64&amp;apos;, os.version: &amp;apos;6.2.0-33-generic&amp;apos;, java.version: &amp;apos;17.0.7&amp;apos;
Driver info: org.openqa.selenium.chrome.ChromeDriver
Capabilities {acceptInsecureCerts: false, browserName: chrome, browserVersion: 115.0.5790.98, chrome: {chromedriverVersion: 114.0.5735.90 (386bc09e8f4f..., userDataDir: /tmp/.com.google.Chrome.V0hvzY}, goog:chromeOptions: {debuggerAddress: localhost:39435}, networkConnectionEnabled: false, pageLoadStrategy: normal, platformName: linux, proxy: Proxy(), se:cdp: ws://localhost:39435/devtoo..., se:cdpVersion: 115.0.5790.98, setWindowRect: true, strictFileInteractability: false, timeouts: {implicit: 0, pageLoad: 300000, script: 30000}, unhandledPromptBehavior: dismiss and notify, webauthn:extension:credBlob: true, webauthn:extension:largeBlob: true, webauthn:extension:minPinLength: true, webauthn:extension:prf: true, webauthn:virtualAuthenticators: true}
Session ID: 04b818c88d8917200169a9bf81aa0010">
      <![CDATA[org.openqa.selenium.TimeoutException: Expected condition failed: waiting for element to be clickable: [[ChromeDriver: chrome on linux (04b818c88d8917200169a9bf81aa0010)] -> xpath: //div[@class='ranges']//ul//li] (tried for 5 second(s) with 500 milliseconds interval)
Build info: version: '4.9.1', revision: 'eb2032df7f'
System info: os.name: 'Linux', os.arch: 'amd64', os.version: '6.2.0-33-generic', java.version: '17.0.7'
Driver info: org.openqa.selenium.chrome.ChromeDriver
Capabilities {acceptInsecureCerts: false, browserName: chrome, browserVersion: 115.0.5790.98, chrome: {chromedriverVersion: 114.0.5735.90 (386bc09e8f4f..., userDataDir: /tmp/.com.google.Chrome.V0hvzY}, goog:chromeOptions: {debuggerAddress: localhost:39435}, networkConnectionEnabled: false, pageLoadStrategy: normal, platformName: linux, proxy: Proxy(), se:cdp: ws://localhost:39435/devtoo..., se:cdpVersion: 115.0.5790.98, setWindowRect: true, strictFileInteractability: false, timeouts: {implicit: 0, pageLoad: 300000, script: 30000}, unhandledPromptBehavior: dismiss and notify, webauthn:extension:credBlob: true, webauthn:extension:largeBlob: true, webauthn:extension:minPinLength: true, webauthn:extension:prf: true, webauthn:virtualAuthenticators: true}
Session ID: 04b818c88d8917200169a9bf81aa0010
at org.openqa.selenium.support.ui.WebDriverWait.timeoutException(WebDriverWait.java:87)
at org.openqa.selenium.support.ui.FluentWait.until(FluentWait.java:231)
at com.selldo.Utility.ReusableUtils.waitUntilClickable(ReusableUtils.java:96)
at com.selldo.POM.adminPages.ExportPage.selectDuration(ExportPage.java:261)
at exportPackage.ExportLeadsTest.exportLeadsTest(ExportLeadsTest.java:28)
at java.base/java.util.ArrayList.forEach(ArrayList.java:1511)
... Removed 27 stack frames]]>
    </failure>
  </testcase> <!-- exportLeadsTest -->
  <testcase classname="exportPackage.ExportPartnersTest" name="exportPartnetsTest" time="46.168"/>
  <testcase classname="exportPackage.ExportUsersTest" name="exportUsersTest" time="9.973">
    <skipped/>
  </testcase> <!-- exportUsersTest -->
  <testcase classname="exportPackage.ExportUsersTest" name="exportUsersTest" time="63.366">
    <failure type="org.openqa.selenium.TimeoutException" message="Expected condition failed: waiting for visibility of Proxy element for: DefaultElementLocator &amp;apos;By.xpath: //div[@class=&amp;apos;card card-body mb-3&amp;apos;][1]//tr[3]//td[4]/span&amp;apos; (tried for 5 second(s) with 500 milliseconds interval)">
      <![CDATA[org.openqa.selenium.TimeoutException: Expected condition failed: waiting for visibility of Proxy element for: DefaultElementLocator 'By.xpath: //div[@class='card card-body mb-3'][1]//tr[3]//td[4]/span' (tried for 5 second(s) with 500 milliseconds interval)
at org.openqa.selenium.support.ui.WebDriverWait.timeoutException(WebDriverWait.java:87)
at org.openqa.selenium.support.ui.FluentWait.until(FluentWait.java:231)
at com.selldo.Utility.ReusableUtils.waitUntilVisiblity(ReusableUtils.java:64)
at com.selldo.POM.adminPages.ExportPage.getExportStatus(ExportPage.java:153)
at exportPackage.ExportUsersTest.exportUsersTest(ExportUsersTest.java:58)
at java.base/java.util.ArrayList.forEach(ArrayList.java:1511)
Caused by: org.openqa.selenium.NoSuchElementException: no such element: Unable to locate element: {"method":"xpath","selector":"//div[@class='card card-body mb-3'][1]//tr[3]//td[4]/span"}
  (Session info: chrome=115.0.5790.98)
For documentation on this error, please visit: https://selenium.dev/exceptions/#no_such_element
Build info: version: '4.9.1', revision: 'eb2032df7f'
System info: os.name: 'Linux', os.arch: 'amd64', os.version: '6.2.0-33-generic', java.version: '17.0.7'
Driver info: org.openqa.selenium.chrome.ChromeDriver
Command: [a98260c7b55187bee58bcc57e3bc75d5, findElement {using=xpath, value=//div[@class='card card-body mb-3'][1]//tr[3]//td[4]/span}]
Capabilities {acceptInsecureCerts: false, browserName: chrome, browserVersion: 115.0.5790.98, chrome: {chromedriverVersion: 114.0.5735.90 (386bc09e8f4f..., userDataDir: /tmp/.com.google.Chrome.kNkcL5}, goog:chromeOptions: {debuggerAddress: localhost:39045}, networkConnectionEnabled: false, pageLoadStrategy: normal, platformName: linux, proxy: Proxy(), se:cdp: ws://localhost:39045/devtoo..., se:cdpVersion: 115.0.5790.98, setWindowRect: true, strictFileInteractability: false, timeouts: {implicit: 0, pageLoad: 300000, script: 30000}, unhandledPromptBehavior: dismiss and notify, webauthn:extension:credBlob: true, webauthn:extension:largeBlob: true, webauthn:extension:minPinLength: true, webauthn:extension:prf: true, webauthn:virtualAuthenticators: true}
Session ID: a98260c7b55187bee58bcc57e3bc75d5
at org.openqa.selenium.remote.codec.w3c.W3CHttpResponseCodec.createException(W3CHttpResponseCodec.java:200)
at org.openqa.selenium.remote.codec.w3c.W3CHttpResponseCodec.decode(W3CHttpResponseCodec.java:133)
at org.openqa.selenium.remote.codec.w3c.W3CHttpResponseCodec.decode(W3CHttpResponseCodec.java:53)
at org.openqa.selenium.remote.HttpCommandExecutor.execute(HttpCommandExecutor.java:193)
at org.openqa.selenium.remote.service.DriverCommandExecutor.invokeExecute(DriverCommandExecutor.java:183)
at org.openqa.selenium.remote.service.DriverCommandExecutor.execute(DriverCommandExecutor.java:158)
at org.openqa.selenium.remote.RemoteWebDriver.execute(RemoteWebDriver.java:543)
at org.openqa.selenium.remote.ElementLocation$ElementFinder$2.findElement(ElementLocation.java:162)
at org.openqa.selenium.remote.ElementLocation.findElement(ElementLocation.java:60)
at org.openqa.selenium.remote.RemoteWebDriver.findElement(RemoteWebDriver.java:352)
at org.openqa.selenium.remote.RemoteWebDriver.findElement(RemoteWebDriver.java:344)
at org.openqa.selenium.support.pagefactory.DefaultElementLocator.findElement(DefaultElementLocator.java:70)
at org.openqa.selenium.support.pagefactory.internal.LocatingElementHandler.invoke(LocatingElementHandler.java:39)
at jdk.proxy2/jdk.proxy2.$Proxy17.isDisplayed(Unknown Source)
at org.openqa.selenium.support.ui.ExpectedConditions.elementIfVisible(ExpectedConditions.java:307)
at org.openqa.selenium.support.ui.ExpectedConditions.access$000(ExpectedConditions.java:40)
at org.openqa.selenium.support.ui.ExpectedConditions$10.apply(ExpectedConditions.java:293)
at org.openqa.selenium.support.ui.ExpectedConditions$10.apply(ExpectedConditions.java:290)
at org.openqa.selenium.support.ui.FluentWait.until(FluentWait.java:208)
... 31 more
... Removed 31 stack frames]]>
    </failure>
  </testcase> <!-- exportUsersTest -->
  <testcase classname="exportPackage.ExportInvoices_ItemizedBill_MarketingActivityTest" name="exportInvoices_ItemizedBill_MarketingActivityTest" time="50.098"/>
  <testcase classname="exportPackage.ExportSitevisitsTest" name="exportSitevisitsTest" time="12.152">
    <skipped/>
  </testcase> <!-- exportSitevisitsTest -->
  <testcase classname="exportPackage.ExportSitevisitsTest" name="exportSitevisitsTest" time="12.15">
    <failure type="org.openqa.selenium.TimeoutException" message="Expected condition failed: waiting for element to be clickable: [[ChromeDriver: chrome on linux (34f2e979306cade3ee349a6dd7c5a046)] -&amp;gt; xpath: //div[@class=&amp;apos;ranges&amp;apos;]//ul//li] (tried for 5 second(s) with 500 milliseconds interval)
Build info: version: &amp;apos;4.9.1&amp;apos;, revision: &amp;apos;eb2032df7f&amp;apos;
System info: os.name: &amp;apos;Linux&amp;apos;, os.arch: &amp;apos;amd64&amp;apos;, os.version: &amp;apos;6.2.0-33-generic&amp;apos;, java.version: &amp;apos;17.0.7&amp;apos;
Driver info: org.openqa.selenium.chrome.ChromeDriver
Capabilities {acceptInsecureCerts: false, browserName: chrome, browserVersion: 115.0.5790.98, chrome: {chromedriverVersion: 114.0.5735.90 (386bc09e8f4f..., userDataDir: /tmp/.com.google.Chrome.toychk}, goog:chromeOptions: {debuggerAddress: localhost:33779}, networkConnectionEnabled: false, pageLoadStrategy: normal, platformName: linux, proxy: Proxy(), se:cdp: ws://localhost:33779/devtoo..., se:cdpVersion: 115.0.5790.98, setWindowRect: true, strictFileInteractability: false, timeouts: {implicit: 0, pageLoad: 300000, script: 30000}, unhandledPromptBehavior: dismiss and notify, webauthn:extension:credBlob: true, webauthn:extension:largeBlob: true, webauthn:extension:minPinLength: true, webauthn:extension:prf: true, webauthn:virtualAuthenticators: true}
Session ID: 34f2e979306cade3ee349a6dd7c5a046">
      <![CDATA[org.openqa.selenium.TimeoutException: Expected condition failed: waiting for element to be clickable: [[ChromeDriver: chrome on linux (34f2e979306cade3ee349a6dd7c5a046)] -> xpath: //div[@class='ranges']//ul//li] (tried for 5 second(s) with 500 milliseconds interval)
Build info: version: '4.9.1', revision: 'eb2032df7f'
System info: os.name: 'Linux', os.arch: 'amd64', os.version: '6.2.0-33-generic', java.version: '17.0.7'
Driver info: org.openqa.selenium.chrome.ChromeDriver
Capabilities {acceptInsecureCerts: false, browserName: chrome, browserVersion: 115.0.5790.98, chrome: {chromedriverVersion: 114.0.5735.90 (386bc09e8f4f..., userDataDir: /tmp/.com.google.Chrome.toychk}, goog:chromeOptions: {debuggerAddress: localhost:33779}, networkConnectionEnabled: false, pageLoadStrategy: normal, platformName: linux, proxy: Proxy(), se:cdp: ws://localhost:33779/devtoo..., se:cdpVersion: 115.0.5790.98, setWindowRect: true, strictFileInteractability: false, timeouts: {implicit: 0, pageLoad: 300000, script: 30000}, unhandledPromptBehavior: dismiss and notify, webauthn:extension:credBlob: true, webauthn:extension:largeBlob: true, webauthn:extension:minPinLength: true, webauthn:extension:prf: true, webauthn:virtualAuthenticators: true}
Session ID: 34f2e979306cade3ee349a6dd7c5a046
at org.openqa.selenium.support.ui.WebDriverWait.timeoutException(WebDriverWait.java:87)
at org.openqa.selenium.support.ui.FluentWait.until(FluentWait.java:231)
at com.selldo.Utility.ReusableUtils.waitUntilClickable(ReusableUtils.java:96)
at com.selldo.POM.adminPages.ExportPage.selectDuration(ExportPage.java:261)
at exportPackage.ExportSitevisitsTest.exportSitevisitsTest(ExportSitevisitsTest.java:28)
at java.base/java.util.ArrayList.forEach(ArrayList.java:1511)
... Removed 27 stack frames]]>
    </failure>
  </testcase> <!-- exportSitevisitsTest -->
  <testcase classname="exportPackage.ExportInvoices_ItemizedBill_SMSTest" name="exportInvoices_ItemizedBill_SMSTest" time="44.223"/>
  <testcase classname="dashboardBucketsPack.ReengagedLeads_VerificationTest" name="reengagedLeads_VerificationTest" time="0.0">
    <skipped/>
  </testcase> <!-- reengagedLeads_VerificationTest -->
  <testcase classname="dashboardBucketsPack.ReengagedLeads_VerificationTest" name="reengagedLeads_VerificationTest" time="0.0">
    <failure type="java.lang.Error" message="Unresolved compilation problems: 
	prop cannot be resolved
	prop cannot be resolved
">
      <![CDATA[java.lang.Error: Unresolved compilation problems: 
prop cannot be resolved
prop cannot be resolved

at dashboardBucketsPack.ReengagedLeads_VerificationTest.reengagedLeads_VerificationTest(ReengagedLeads_VerificationTest.java:17)
at java.base/java.util.ArrayList.forEach(ArrayList.java:1511)
... Removed 27 stack frames]]>
    </failure>
  </testcase> <!-- reengagedLeads_VerificationTest -->
  <testcase classname="dashboardBucketsPack.TodaysSitevisit_VerificationTest" name="todaysSitevisit_VerificationTest" time="0.001">
    <skipped/>
  </testcase> <!-- todaysSitevisit_VerificationTest -->
  <testcase classname="dashboardBucketsPack.TodaysSitevisit_VerificationTest" name="todaysSitevisit_VerificationTest" time="0.001">
    <failure type="java.lang.Error" message="Unresolved compilation problem: 
	prop cannot be resolved
">
      <![CDATA[java.lang.Error: Unresolved compilation problem: 
prop cannot be resolved

at dashboardBucketsPack.TodaysSitevisit_VerificationTest.todaysSitevisit_VerificationTest(TodaysSitevisit_VerificationTest.java:21)
at java.base/java.util.ArrayList.forEach(ArrayList.java:1511)
... Removed 27 stack frames]]>
    </failure>
  </testcase> <!-- todaysSitevisit_VerificationTest -->
  <testcase classname="dashboardBucketsPack.MissedFollowup_VerificationTest" name="missedFollowup_VerificationTest" time="0.001">
    <skipped/>
  </testcase> <!-- missedFollowup_VerificationTest -->
  <testcase classname="dashboardBucketsPack.MissedFollowup_VerificationTest" name="missedFollowup_VerificationTest" time="0.0">
    <failure type="java.lang.Error" message="Unresolved compilation problems: 
	prop cannot be resolved
	prop cannot be resolved
">
      <![CDATA[java.lang.Error: Unresolved compilation problems: 
prop cannot be resolved
prop cannot be resolved

at dashboardBucketsPack.MissedFollowup_VerificationTest.missedFollowup_VerificationTest(MissedFollowup_VerificationTest.java:22)
at java.base/java.util.ArrayList.forEach(ArrayList.java:1511)
... Removed 27 stack frames]]>
    </failure>
  </testcase> <!-- missedFollowup_VerificationTest -->
  <testcase classname="dashboardBucketsPack.MissedSitevisit_VerificationTest" name="missedSitevisit_VerificationTest" time="0.001">
    <skipped/>
  </testcase> <!-- missedSitevisit_VerificationTest -->
  <testcase classname="dashboardBucketsPack.MissedSitevisit_VerificationTest" name="missedSitevisit_VerificationTest" time="0.001">
    <failure type="java.lang.Error" message="Unresolved compilation problems: 
	prop cannot be resolved
	prop cannot be resolved
">
      <![CDATA[java.lang.Error: Unresolved compilation problems: 
prop cannot be resolved
prop cannot be resolved

at dashboardBucketsPack.MissedSitevisit_VerificationTest.missedSitevisit_VerificationTest(MissedSitevisit_VerificationTest.java:19)
at java.base/java.util.ArrayList.forEach(ArrayList.java:1511)
... Removed 27 stack frames]]>
    </failure>
  </testcase> <!-- missedSitevisit_VerificationTest -->
  <testcase classname="dashboardBucketsPack.NewEnquiries_VerificationTest" name="newEnquiries_VerificationTest" time="0.001">
    <skipped/>
  </testcase> <!-- newEnquiries_VerificationTest -->
  <testcase classname="dashboardBucketsPack.NewEnquiries_VerificationTest" name="newEnquiries_VerificationTest" time="0.001">
    <failure type="java.lang.Error" message="Unresolved compilation problem: 
	prop cannot be resolved
">
      <![CDATA[java.lang.Error: Unresolved compilation problem: 
prop cannot be resolved

at dashboardBucketsPack.NewEnquiries_VerificationTest.newEnquiries_VerificationTest(NewEnquiries_VerificationTest.java:22)
at java.base/java.util.ArrayList.forEach(ArrayList.java:1511)
... Removed 27 stack frames]]>
    </failure>
  </testcase> <!-- newEnquiries_VerificationTest -->
  <testcase classname="dashboardBucketsPack.MissedCalls_VerificationTest" name="missedCalls_VerificationTest" time="0.0">
    <skipped/>
  </testcase> <!-- missedCalls_VerificationTest -->
  <testcase classname="dashboardBucketsPack.MissedCalls_VerificationTest" name="missedCalls_VerificationTest" time="0.0">
    <failure type="java.lang.Error" message="Unresolved compilation problems: 
	prop cannot be resolved
	prop cannot be resolved
">
      <![CDATA[java.lang.Error: Unresolved compilation problems: 
prop cannot be resolved
prop cannot be resolved

at dashboardBucketsPack.MissedCalls_VerificationTest.missedCalls_VerificationTest(MissedCalls_VerificationTest.java:18)
at java.base/java.util.ArrayList.forEach(ArrayList.java:1511)
... Removed 27 stack frames]]>
    </failure>
  </testcase> <!-- missedCalls_VerificationTest -->
  <testcase classname="dashboardBucketsPack.TodaysFollowup_VerificationTest" name="todaysFollowup_VerificationTest" time="0.001">
    <skipped/>
  </testcase> <!-- todaysFollowup_VerificationTest -->
  <testcase classname="dashboardBucketsPack.TodaysFollowup_VerificationTest" name="todaysFollowup_VerificationTest" time="0.0">
    <failure type="java.lang.Error" message="Unresolved compilation problems: 
	prop cannot be resolved
	prop cannot be resolved
">
      <![CDATA[java.lang.Error: Unresolved compilation problems: 
prop cannot be resolved
prop cannot be resolved

at dashboardBucketsPack.TodaysFollowup_VerificationTest.todaysFollowup_VerificationTest(TodaysFollowup_VerificationTest.java:23)
at java.base/java.util.ArrayList.forEach(ArrayList.java:1511)
... Removed 27 stack frames]]>
    </failure>
  </testcase> <!-- todaysFollowup_VerificationTest -->
  <testcase classname="dashboardBucketsPack.NFA_VerificationTest" name="nFA_VerificationTest" time="0.001">
    <skipped/>
  </testcase> <!-- nFA_VerificationTest -->
  <testcase classname="dashboardBucketsPack.NFA_VerificationTest" name="nFA_VerificationTest" time="0.0">
    <failure type="java.lang.Error" message="Unresolved compilation problem: 
	prop cannot be resolved
">
      <![CDATA[java.lang.Error: Unresolved compilation problem: 
prop cannot be resolved

at dashboardBucketsPack.NFA_VerificationTest.nFA_VerificationTest(NFA_VerificationTest.java:22)
at java.base/java.util.ArrayList.forEach(ArrayList.java:1511)
... Removed 27 stack frames]]>
    </failure>
  </testcase> <!-- nFA_VerificationTest -->
  <testcase classname="dashboardBucketsPack.UnreadEmail_VerificationTest" name="unreadEmail_VerificationTest" time="0.0">
    <skipped/>
  </testcase> <!-- unreadEmail_VerificationTest -->
  <testcase classname="dashboardBucketsPack.UnreadEmail_VerificationTest" name="unreadEmail_VerificationTest" time="0.001">
    <failure type="java.lang.Error" message="Unresolved compilation problem: 
	prop cannot be resolved
">
      <![CDATA[java.lang.Error: Unresolved compilation problem: 
prop cannot be resolved

at dashboardBucketsPack.UnreadEmail_VerificationTest.unreadEmail_VerificationTest(UnreadEmail_VerificationTest.java:19)
at java.base/java.util.ArrayList.forEach(ArrayList.java:1511)
... Removed 27 stack frames]]>
    </failure>
  </testcase> <!-- unreadEmail_VerificationTest -->
  <testcase classname="userManagementPack.EditTeamTest" name="editTeamTest" time="0.001">
    <skipped/>
  </testcase> <!-- editTeamTest -->
  <testcase classname="userManagementPack.EditTeamTest" name="editTeamTest" time="0.0">
    <failure type="java.lang.Error" message="Unresolved compilation problems: 
	prop cannot be resolved
	prop cannot be resolved
	prop cannot be resolved
	extentTest cannot be resolved
	extentTest cannot be resolved
	extentTest cannot be resolved
	extentTest cannot be resolved
	extentTest cannot be resolved
	extentTest cannot be resolved
	extentTest cannot be resolved
	extentTest cannot be resolved
	extentTest cannot be resolved
	extentTest cannot be resolved
">
      <![CDATA[java.lang.Error: Unresolved compilation problems: 
prop cannot be resolved
prop cannot be resolved
prop cannot be resolved
extentTest cannot be resolved
extentTest cannot be resolved
extentTest cannot be resolved
extentTest cannot be resolved
extentTest cannot be resolved
extentTest cannot be resolved
extentTest cannot be resolved
extentTest cannot be resolved
extentTest cannot be resolved
extentTest cannot be resolved

at userManagementPack.EditTeamTest.editTeamTest(EditTeamTest.java:25)
at java.base/java.util.ArrayList.forEach(ArrayList.java:1511)
... Removed 27 stack frames]]>
    </failure>
  </testcase> <!-- editTeamTest -->
  <testcase classname="userManagementPack.CreatingClient_UnfilledformTest" name="creatingClient_UnfilledformTest" time="0.001">
    <skipped/>
  </testcase> <!-- creatingClient_UnfilledformTest -->
  <testcase classname="userManagementPack.CreatingClient_UnfilledformTest" name="creatingClient_UnfilledformTest" time="0.001">
    <failure type="java.lang.Error" message="Unresolved compilation problems: 
	prop cannot be resolved
	prop cannot be resolved
	extentTest cannot be resolved
	extentTest cannot be resolved
	extentTest cannot be resolved
	extentTest cannot be resolved
">
      <![CDATA[java.lang.Error: Unresolved compilation problems: 
prop cannot be resolved
prop cannot be resolved
extentTest cannot be resolved
extentTest cannot be resolved
extentTest cannot be resolved
extentTest cannot be resolved

at userManagementPack.CreatingClient_UnfilledformTest.creatingClient_UnfilledformTest(CreatingClient_UnfilledformTest.java:18)
at java.base/java.util.ArrayList.forEach(ArrayList.java:1511)
... Removed 27 stack frames]]>
    </failure>
  </testcase> <!-- creatingClient_UnfilledformTest -->
  <testcase classname="userManagementPack.CreatingPostsalesUserTest" name="creatingPostsalesUserTest" time="0.001">
    <skipped/>
  </testcase> <!-- creatingPostsalesUserTest -->
  <testcase classname="userManagementPack.CreatingPostsalesUserTest" name="creatingPostsalesUserTest" time="0.0">
    <failure type="java.lang.Error" message="Unresolved compilation problems: 
	prop cannot be resolved
	prop cannot be resolved
	prop cannot be resolved
	extentTest cannot be resolved
	extentTest cannot be resolved
	extentTest cannot be resolved
	extentTest cannot be resolved
	extentTest cannot be resolved
	extentTest cannot be resolved
	extentTest cannot be resolved
	extentTest cannot be resolved
	extentTest cannot be resolved
	extentTest cannot be resolved
	extentTest cannot be resolved
	extentTest cannot be resolved
	extentTest cannot be resolved
	extentTest cannot be resolved
	extentTest cannot be resolved
	extentTest cannot be resolved
">
      <![CDATA[java.lang.Error: Unresolved compilation problems: 
prop cannot be resolved
prop cannot be resolved
prop cannot be resolved
extentTest cannot be resolved
extentTest cannot be resolved
extentTest cannot be resolved
extentTest cannot be resolved
extentTest cannot be resolved
extentTest cannot be resolved
extentTest cannot be resolved
extentTest cannot be resolved
extentTest cannot be resolved
extentTest cannot be resolved
extentTest cannot be resolved
extentTest cannot be resolved
extentTest cannot be resolved
extentTest cannot be resolved
extentTest cannot be resolved
extentTest cannot be resolved

at userManagementPack.CreatingPostsalesUserTest.creatingPostsalesUserTest(CreatingPostsalesUserTest.java:23)
at java.base/java.util.ArrayList.forEach(ArrayList.java:1511)
... Removed 27 stack frames]]>
    </failure>
  </testcase> <!-- creatingPostsalesUserTest -->
  <testcase classname="userManagementPack.CreatingPresalesManagerTest" name="creatingPresalesManagerTest" time="0.0">
    <skipped/>
  </testcase> <!-- creatingPresalesManagerTest -->
  <testcase classname="userManagementPack.CreatingPresalesManagerTest" name="creatingPresalesManagerTest" time="0.001">
    <failure type="java.lang.Error" message="Unresolved compilation problems: 
	prop cannot be resolved
	prop cannot be resolved
	prop cannot be resolved
	extentTest cannot be resolved
	extentTest cannot be resolved
	extentTest cannot be resolved
	extentTest cannot be resolved
	extentTest cannot be resolved
	extentTest cannot be resolved
	extentTest cannot be resolved
	extentTest cannot be resolved
	extentTest cannot be resolved
	extentTest cannot be resolved
	extentTest cannot be resolved
	extentTest cannot be resolved
	extentTest cannot be resolved
	extentTest cannot be resolved
	extentTest cannot be resolved
	extentTest cannot be resolved
">
      <![CDATA[java.lang.Error: Unresolved compilation problems: 
prop cannot be resolved
prop cannot be resolved
prop cannot be resolved
extentTest cannot be resolved
extentTest cannot be resolved
extentTest cannot be resolved
extentTest cannot be resolved
extentTest cannot be resolved
extentTest cannot be resolved
extentTest cannot be resolved
extentTest cannot be resolved
extentTest cannot be resolved
extentTest cannot be resolved
extentTest cannot be resolved
extentTest cannot be resolved
extentTest cannot be resolved
extentTest cannot be resolved
extentTest cannot be resolved
extentTest cannot be resolved

at userManagementPack.CreatingPresalesManagerTest.creatingPresalesManagerTest(CreatingPresalesManagerTest.java:24)
at java.base/java.util.ArrayList.forEach(ArrayList.java:1511)
... Removed 27 stack frames]]>
    </failure>
  </testcase> <!-- creatingPresalesManagerTest -->
  <testcase classname="userManagementPack.ClientCreationPostPaid" name="creatingClientfromSupport" time="71.993">
    <skipped/>
  </testcase> <!-- creatingClientfromSupport -->
</testsuite> <!-- Test -->
