<?xml version="1.0" encoding="UTF-8"?>
<testng-results retried="1" ignored="0" total="10" passed="8" failed="1" skipped="0">
  <reporter-output>
  </reporter-output>
  <suite started-at="2023-08-23T18:38:48 IST" name="Suite" finished-at="2023-08-23T18:40:45 IST" duration-ms="117867">
    <groups>
    </groups>
    <test started-at="2023-08-23T18:38:48 IST" name="Test" finished-at="2023-08-23T18:40:45 IST" duration-ms="117867">
      <class name="login.Admin_LoginTest">
        <test-method is-config="true" signature="browserConfig()[pri:0, instance:login.Admin_LoginTest@5adb0db3]" started-at="2023-08-23T18:39:56 IST" name="browserConfig" finished-at="2023-08-23T18:39:58 IST" duration-ms="1715" status="PASS">
          <reporter-output>
          </reporter-output>
        </test-method> <!-- browserConfig -->
        <test-method signature="adminLoginTest()[pri:0, instance:login.Admin_LoginTest@5adb0db3]" started-at="2023-08-23T18:39:58 IST" name="adminLoginTest" finished-at="2023-08-23T18:40:04 IST" duration-ms="6029" status="PASS">
          <reporter-output>
          </reporter-output>
        </test-method> <!-- adminLoginTest -->
        <test-method is-config="true" signature="terminate()[pri:0, instance:login.Admin_LoginTest@5adb0db3]" started-at="2023-08-23T18:40:04 IST" name="terminate" finished-at="2023-08-23T18:40:04 IST" duration-ms="101" status="PASS">
          <reporter-output>
          </reporter-output>
        </test-method> <!-- terminate -->
      </class> <!-- login.Admin_LoginTest -->
      <class name="login.PostSalesManager_LoginTest">
        <test-method is-config="true" signature="browserConfig()[pri:0, instance:login.PostSalesManager_LoginTest@289710d9]" started-at="2023-08-23T18:38:48 IST" name="browserConfig" finished-at="2023-08-23T18:39:20 IST" duration-ms="32219" status="PASS">
          <reporter-output>
          </reporter-output>
        </test-method> <!-- browserConfig -->
        <test-method signature="postsalesManagerLoginTest()[pri:0, instance:login.PostSalesManager_LoginTest@289710d9]" started-at="2023-08-23T18:39:20 IST" name="postsalesManagerLoginTest" finished-at="2023-08-23T18:39:25 IST" duration-ms="5636" status="PASS">
          <reporter-output>
          </reporter-output>
        </test-method> <!-- postsalesManagerLoginTest -->
        <test-method is-config="true" signature="terminate()[pri:0, instance:login.PostSalesManager_LoginTest@289710d9]" started-at="2023-08-23T18:39:25 IST" name="terminate" finished-at="2023-08-23T18:39:25 IST" duration-ms="103" status="PASS">
          <reporter-output>
          </reporter-output>
        </test-method> <!-- terminate -->
      </class> <!-- login.PostSalesManager_LoginTest -->
      <class name="login.PresalesManager_LoginTest">
        <test-method is-config="true" signature="browserConfig()[pri:0, instance:login.PresalesManager_LoginTest@61a88b8c]" started-at="2023-08-23T18:39:41 IST" name="browserConfig" finished-at="2023-08-23T18:39:43 IST" duration-ms="1747" status="PASS">
          <reporter-output>
          </reporter-output>
        </test-method> <!-- browserConfig -->
        <test-method signature="presalesManagerLoginTest()[pri:0, instance:login.PresalesManager_LoginTest@61a88b8c]" started-at="2023-08-23T18:39:43 IST" name="presalesManagerLoginTest" finished-at="2023-08-23T18:39:49 IST" duration-ms="5664" status="PASS">
          <reporter-output>
          </reporter-output>
        </test-method> <!-- presalesManagerLoginTest -->
        <test-method is-config="true" signature="terminate()[pri:0, instance:login.PresalesManager_LoginTest@61a88b8c]" started-at="2023-08-23T18:39:49 IST" name="terminate" finished-at="2023-08-23T18:39:49 IST" duration-ms="108" status="PASS">
          <reporter-output>
          </reporter-output>
        </test-method> <!-- terminate -->
      </class> <!-- login.PresalesManager_LoginTest -->
      <class name="login.Presales_LoginTest">
        <test-method is-config="true" signature="browserConfig()[pri:0, instance:login.Presales_LoginTest@512535ff]" started-at="2023-08-23T18:39:25 IST" name="browserConfig" finished-at="2023-08-23T18:39:28 IST" duration-ms="2401" status="PASS">
          <reporter-output>
          </reporter-output>
        </test-method> <!-- browserConfig -->
        <test-method signature="presalesLoginTest()[pri:0, instance:login.Presales_LoginTest@512535ff]" started-at="2023-08-23T18:39:28 IST" name="presalesLoginTest" finished-at="2023-08-23T18:39:33 IST" duration-ms="5451" status="PASS">
          <reporter-output>
          </reporter-output>
        </test-method> <!-- presalesLoginTest -->
        <test-method is-config="true" signature="terminate()[pri:0, instance:login.Presales_LoginTest@512535ff]" started-at="2023-08-23T18:39:33 IST" name="terminate" finished-at="2023-08-23T18:39:33 IST" duration-ms="101" status="PASS">
          <reporter-output>
          </reporter-output>
        </test-method> <!-- terminate -->
      </class> <!-- login.Presales_LoginTest -->
      <class name="login.Sales_LoginTest">
        <test-method is-config="true" signature="browserConfig()[pri:0, instance:login.Sales_LoginTest@71529963]" started-at="2023-08-23T18:39:33 IST" name="browserConfig" finished-at="2023-08-23T18:39:36 IST" duration-ms="2243" status="PASS">
          <reporter-output>
          </reporter-output>
        </test-method> <!-- browserConfig -->
        <test-method signature="salesLoginTest()[pri:0, instance:login.Sales_LoginTest@71529963]" started-at="2023-08-23T18:39:36 IST" name="salesLoginTest" finished-at="2023-08-23T18:39:41 IST" duration-ms="5600" status="PASS">
          <reporter-output>
          </reporter-output>
        </test-method> <!-- salesLoginTest -->
        <test-method is-config="true" signature="terminate()[pri:0, instance:login.Sales_LoginTest@71529963]" started-at="2023-08-23T18:39:41 IST" name="terminate" finished-at="2023-08-23T18:39:41 IST" duration-ms="101" status="PASS">
          <reporter-output>
          </reporter-output>
        </test-method> <!-- terminate -->
      </class> <!-- login.Sales_LoginTest -->
      <class name="login.SalesManager_LoginTest">
        <test-method is-config="true" signature="browserConfig()[pri:0, instance:login.SalesManager_LoginTest@22295ec4]" started-at="2023-08-23T18:39:49 IST" name="browserConfig" finished-at="2023-08-23T18:39:51 IST" duration-ms="1781" status="PASS">
          <reporter-output>
          </reporter-output>
        </test-method> <!-- browserConfig -->
        <test-method signature="salesManagerLoginTest()[pri:0, instance:login.SalesManager_LoginTest@22295ec4]" started-at="2023-08-23T18:39:51 IST" name="salesManagerLoginTest" finished-at="2023-08-23T18:39:56 IST" duration-ms="5417" status="PASS">
          <reporter-output>
          </reporter-output>
        </test-method> <!-- salesManagerLoginTest -->
        <test-method is-config="true" signature="terminate()[pri:0, instance:login.SalesManager_LoginTest@22295ec4]" started-at="2023-08-23T18:39:56 IST" name="terminate" finished-at="2023-08-23T18:39:56 IST" duration-ms="103" status="PASS">
          <reporter-output>
          </reporter-output>
        </test-method> <!-- terminate -->
      </class> <!-- login.SalesManager_LoginTest -->
      <class name="login.SupportManager_LoginTest">
        <test-method is-config="true" signature="browserConfig()[pri:0, instance:login.SupportManager_LoginTest@1a760689]" started-at="2023-08-23T18:40:13 IST" name="browserConfig" finished-at="2023-08-23T18:40:14 IST" duration-ms="1916" status="PASS">
          <reporter-output>
          </reporter-output>
        </test-method> <!-- browserConfig -->
        <test-method retried="true" signature="supportManager_LoginTest()[pri:0, instance:login.SupportManager_LoginTest@1a760689]" started-at="2023-08-23T18:40:14 IST" name="supportManager_LoginTest" finished-at="2023-08-23T18:40:25 IST" duration-ms="10318" status="SKIP">
          <exception class="org.openqa.selenium.NoSuchElementException">
            <message>
              <![CDATA[no such element: Unable to locate element: {"method":"css selector","selector":".btn.btn-primary"}
  (Session info: chrome=115.0.5790.98)
For documentation on this error, please visit: https://selenium.dev/exceptions/#no_such_element
Build info: version: '4.9.1', revision: 'eb2032df7f'
System info: os.name: 'Linux', os.arch: 'amd64', os.version: '6.2.0-26-generic', java.version: '17.0.5'
Driver info: org.openqa.selenium.chrome.ChromeDriver
Command: [5a0fede7d7833fd28aa3e782acef7a24, findElement {using=css selector, value=.btn.btn-primary}]
Capabilities {acceptInsecureCerts: false, browserName: chrome, browserVersion: 115.0.5790.98, chrome: {chromedriverVersion: 114.0.5735.90 (386bc09e8f4f..., userDataDir: /tmp/.com.google.Chrome.W79V3x}, goog:chromeOptions: {debuggerAddress: localhost:40253}, networkConnectionEnabled: false, pageLoadStrategy: normal, platformName: linux, proxy: Proxy(), se:cdp: ws://localhost:40253/devtoo..., se:cdpVersion: 115.0.5790.98, setWindowRect: true, strictFileInteractability: false, timeouts: {implicit: 0, pageLoad: 300000, script: 30000}, unhandledPromptBehavior: dismiss and notify, webauthn:extension:credBlob: true, webauthn:extension:largeBlob: true, webauthn:extension:minPinLength: true, webauthn:extension:prf: true, webauthn:virtualAuthenticators: true}
Session ID: 5a0fede7d7833fd28aa3e782acef7a24]]>
            </message>
            <full-stacktrace>
              <![CDATA[org.openqa.selenium.NoSuchElementException: no such element: Unable to locate element: {"method":"css selector","selector":".btn.btn-primary"}
  (Session info: chrome=115.0.5790.98)
For documentation on this error, please visit: https://selenium.dev/exceptions/#no_such_element
Build info: version: '4.9.1', revision: 'eb2032df7f'
System info: os.name: 'Linux', os.arch: 'amd64', os.version: '6.2.0-26-generic', java.version: '17.0.5'
Driver info: org.openqa.selenium.chrome.ChromeDriver
Command: [5a0fede7d7833fd28aa3e782acef7a24, findElement {using=css selector, value=.btn.btn-primary}]
Capabilities {acceptInsecureCerts: false, browserName: chrome, browserVersion: 115.0.5790.98, chrome: {chromedriverVersion: 114.0.5735.90 (386bc09e8f4f..., userDataDir: /tmp/.com.google.Chrome.W79V3x}, goog:chromeOptions: {debuggerAddress: localhost:40253}, networkConnectionEnabled: false, pageLoadStrategy: normal, platformName: linux, proxy: Proxy(), se:cdp: ws://localhost:40253/devtoo..., se:cdpVersion: 115.0.5790.98, setWindowRect: true, strictFileInteractability: false, timeouts: {implicit: 0, pageLoad: 300000, script: 30000}, unhandledPromptBehavior: dismiss and notify, webauthn:extension:credBlob: true, webauthn:extension:largeBlob: true, webauthn:extension:minPinLength: true, webauthn:extension:prf: true, webauthn:virtualAuthenticators: true}
Session ID: 5a0fede7d7833fd28aa3e782acef7a24
at java.base/jdk.internal.reflect.NativeConstructorAccessorImpl.newInstance0(Native Method)
at java.base/jdk.internal.reflect.NativeConstructorAccessorImpl.newInstance(NativeConstructorAccessorImpl.java:77)
at java.base/jdk.internal.reflect.DelegatingConstructorAccessorImpl.newInstance(DelegatingConstructorAccessorImpl.java:45)
at java.base/java.lang.reflect.Constructor.newInstanceWithCaller(Constructor.java:499)
at java.base/java.lang.reflect.Constructor.newInstance(Constructor.java:480)
at org.openqa.selenium.remote.codec.w3c.W3CHttpResponseCodec.createException(W3CHttpResponseCodec.java:200)
at org.openqa.selenium.remote.codec.w3c.W3CHttpResponseCodec.decode(W3CHttpResponseCodec.java:133)
at org.openqa.selenium.remote.codec.w3c.W3CHttpResponseCodec.decode(W3CHttpResponseCodec.java:53)
at org.openqa.selenium.remote.HttpCommandExecutor.execute(HttpCommandExecutor.java:193)
at org.openqa.selenium.remote.service.DriverCommandExecutor.invokeExecute(DriverCommandExecutor.java:183)
at org.openqa.selenium.remote.service.DriverCommandExecutor.execute(DriverCommandExecutor.java:158)
at org.openqa.selenium.remote.RemoteWebDriver.execute(RemoteWebDriver.java:543)
at org.openqa.selenium.remote.ElementLocation$ElementFinder$2.findElement(ElementLocation.java:162)
at org.openqa.selenium.remote.ElementLocation.findElement(ElementLocation.java:60)
at org.openqa.selenium.remote.RemoteWebDriver.findElement(RemoteWebDriver.java:352)
at org.openqa.selenium.remote.RemoteWebDriver.findElement(RemoteWebDriver.java:344)
at org.openqa.selenium.support.pagefactory.DefaultElementLocator.findElement(DefaultElementLocator.java:70)
at org.openqa.selenium.support.pagefactory.internal.LocatingElementHandler.invoke(LocatingElementHandler.java:39)
at jdk.proxy2/jdk.proxy2.$Proxy17.getWrappedElement(Unknown Source)
at org.openqa.selenium.remote.internal.WebElementToJsonConverter.apply(WebElementToJsonConverter.java:51)
at java.base/java.util.stream.ReferencePipeline$3$1.accept(ReferencePipeline.java:197)
at java.base/java.util.Spliterators$ArraySpliterator.forEachRemaining(Spliterators.java:992)
at java.base/java.util.stream.AbstractPipeline.copyInto(AbstractPipeline.java:509)
at java.base/java.util.stream.AbstractPipeline.wrapAndCopyInto(AbstractPipeline.java:499)
at java.base/java.util.stream.ReduceOps$ReduceOp.evaluateSequential(ReduceOps.java:921)
at java.base/java.util.stream.AbstractPipeline.evaluate(AbstractPipeline.java:234)
at java.base/java.util.stream.ReferencePipeline.collect(ReferencePipeline.java:682)
at org.openqa.selenium.remote.RemoteWebDriver.executeScript(RemoteWebDriver.java:477)
at com.selldo.Utility.ReusableUtils.Square(ReusableUtils.java:278)
at com.selldo.Utility.ReusableUtils.jsClick(ReusableUtils.java:265)
at com.selldo.POM.crm.LoginPage.login(LoginPage.java:33)
at login.SupportManager_LoginTest.supportManager_LoginTest(SupportManager_LoginTest.java:20)
at java.base/jdk.internal.reflect.NativeMethodAccessorImpl.invoke0(Native Method)
at java.base/jdk.internal.reflect.NativeMethodAccessorImpl.invoke(NativeMethodAccessorImpl.java:77)
at java.base/jdk.internal.reflect.DelegatingMethodAccessorImpl.invoke(DelegatingMethodAccessorImpl.java:43)
at java.base/java.lang.reflect.Method.invoke(Method.java:568)
at org.testng.internal.invokers.MethodInvocationHelper.invokeMethod(MethodInvocationHelper.java:139)
at org.testng.internal.invokers.TestInvoker.invokeMethod(TestInvoker.java:677)
at org.testng.internal.invokers.TestInvoker.invokeTestMethod(TestInvoker.java:221)
at org.testng.internal.invokers.MethodRunner.runInSequence(MethodRunner.java:50)
at org.testng.internal.invokers.TestInvoker$MethodInvocationAgent.invoke(TestInvoker.java:969)
at org.testng.internal.invokers.TestInvoker.invokeTestMethods(TestInvoker.java:194)
at org.testng.internal.invokers.TestMethodWorker.invokeTestMethods(TestMethodWorker.java:148)
at org.testng.internal.invokers.TestMethodWorker.run(TestMethodWorker.java:128)
at java.base/java.util.ArrayList.forEach(ArrayList.java:1511)
at org.testng.TestRunner.privateRun(TestRunner.java:829)
at org.testng.TestRunner.run(TestRunner.java:602)
at org.testng.SuiteRunner.runTest(SuiteRunner.java:437)
at org.testng.SuiteRunner.runSequentially(SuiteRunner.java:431)
at org.testng.SuiteRunner.privateRun(SuiteRunner.java:391)
at org.testng.SuiteRunner.run(SuiteRunner.java:330)
at org.testng.SuiteRunnerWorker.runSuite(SuiteRunnerWorker.java:52)
at org.testng.SuiteRunnerWorker.run(SuiteRunnerWorker.java:95)
at org.testng.TestNG.runSuitesSequentially(TestNG.java:1256)
at org.testng.TestNG.runSuitesLocally(TestNG.java:1176)
at org.testng.TestNG.runSuites(TestNG.java:1099)
at org.testng.TestNG.run(TestNG.java:1067)
at org.testng.remote.AbstractRemoteTestNG.run(AbstractRemoteTestNG.java:115)
at org.testng.remote.RemoteTestNG.initAndRun(RemoteTestNG.java:251)
at org.testng.remote.RemoteTestNG.main(RemoteTestNG.java:77)
]]>
            </full-stacktrace>
          </exception> <!-- org.openqa.selenium.NoSuchElementException -->
          <reporter-output>
          </reporter-output>
        </test-method> <!-- supportManager_LoginTest -->
        <test-method is-config="true" signature="terminate()[pri:0, instance:login.SupportManager_LoginTest@1a760689]" started-at="2023-08-23T18:40:25 IST" name="terminate" finished-at="2023-08-23T18:40:25 IST" duration-ms="101" status="PASS">
          <reporter-output>
          </reporter-output>
        </test-method> <!-- terminate -->
        <test-method is-config="true" signature="browserConfig()[pri:0, instance:login.SupportManager_LoginTest@1a760689]" started-at="2023-08-23T18:40:25 IST" name="browserConfig" finished-at="2023-08-23T18:40:27 IST" duration-ms="1720" status="PASS">
          <reporter-output>
          </reporter-output>
        </test-method> <!-- browserConfig -->
        <test-method signature="supportManager_LoginTest()[pri:0, instance:login.SupportManager_LoginTest@1a760689]" started-at="2023-08-23T18:40:27 IST" name="supportManager_LoginTest" finished-at="2023-08-23T18:40:37 IST" duration-ms="10326" status="FAIL">
          <exception class="org.openqa.selenium.NoSuchElementException">
            <message>
              <![CDATA[no such element: Unable to locate element: {"method":"css selector","selector":".btn.btn-primary"}
  (Session info: chrome=115.0.5790.98)
For documentation on this error, please visit: https://selenium.dev/exceptions/#no_such_element
Build info: version: '4.9.1', revision: 'eb2032df7f'
System info: os.name: 'Linux', os.arch: 'amd64', os.version: '6.2.0-26-generic', java.version: '17.0.5'
Driver info: org.openqa.selenium.chrome.ChromeDriver
Command: [8b2977989dc1b3c00a8d97e56a43ae7a, findElement {using=css selector, value=.btn.btn-primary}]
Capabilities {acceptInsecureCerts: false, browserName: chrome, browserVersion: 115.0.5790.98, chrome: {chromedriverVersion: 114.0.5735.90 (386bc09e8f4f..., userDataDir: /tmp/.com.google.Chrome.TfaZ6I}, goog:chromeOptions: {debuggerAddress: localhost:34313}, networkConnectionEnabled: false, pageLoadStrategy: normal, platformName: linux, proxy: Proxy(), se:cdp: ws://localhost:34313/devtoo..., se:cdpVersion: 115.0.5790.98, setWindowRect: true, strictFileInteractability: false, timeouts: {implicit: 0, pageLoad: 300000, script: 30000}, unhandledPromptBehavior: dismiss and notify, webauthn:extension:credBlob: true, webauthn:extension:largeBlob: true, webauthn:extension:minPinLength: true, webauthn:extension:prf: true, webauthn:virtualAuthenticators: true}
Session ID: 8b2977989dc1b3c00a8d97e56a43ae7a]]>
            </message>
            <full-stacktrace>
              <![CDATA[org.openqa.selenium.NoSuchElementException: no such element: Unable to locate element: {"method":"css selector","selector":".btn.btn-primary"}
  (Session info: chrome=115.0.5790.98)
For documentation on this error, please visit: https://selenium.dev/exceptions/#no_such_element
Build info: version: '4.9.1', revision: 'eb2032df7f'
System info: os.name: 'Linux', os.arch: 'amd64', os.version: '6.2.0-26-generic', java.version: '17.0.5'
Driver info: org.openqa.selenium.chrome.ChromeDriver
Command: [8b2977989dc1b3c00a8d97e56a43ae7a, findElement {using=css selector, value=.btn.btn-primary}]
Capabilities {acceptInsecureCerts: false, browserName: chrome, browserVersion: 115.0.5790.98, chrome: {chromedriverVersion: 114.0.5735.90 (386bc09e8f4f..., userDataDir: /tmp/.com.google.Chrome.TfaZ6I}, goog:chromeOptions: {debuggerAddress: localhost:34313}, networkConnectionEnabled: false, pageLoadStrategy: normal, platformName: linux, proxy: Proxy(), se:cdp: ws://localhost:34313/devtoo..., se:cdpVersion: 115.0.5790.98, setWindowRect: true, strictFileInteractability: false, timeouts: {implicit: 0, pageLoad: 300000, script: 30000}, unhandledPromptBehavior: dismiss and notify, webauthn:extension:credBlob: true, webauthn:extension:largeBlob: true, webauthn:extension:minPinLength: true, webauthn:extension:prf: true, webauthn:virtualAuthenticators: true}
Session ID: 8b2977989dc1b3c00a8d97e56a43ae7a
at java.base/jdk.internal.reflect.NativeConstructorAccessorImpl.newInstance0(Native Method)
at java.base/jdk.internal.reflect.NativeConstructorAccessorImpl.newInstance(NativeConstructorAccessorImpl.java:77)
at java.base/jdk.internal.reflect.DelegatingConstructorAccessorImpl.newInstance(DelegatingConstructorAccessorImpl.java:45)
at java.base/java.lang.reflect.Constructor.newInstanceWithCaller(Constructor.java:499)
at java.base/java.lang.reflect.Constructor.newInstance(Constructor.java:480)
at org.openqa.selenium.remote.codec.w3c.W3CHttpResponseCodec.createException(W3CHttpResponseCodec.java:200)
at org.openqa.selenium.remote.codec.w3c.W3CHttpResponseCodec.decode(W3CHttpResponseCodec.java:133)
at org.openqa.selenium.remote.codec.w3c.W3CHttpResponseCodec.decode(W3CHttpResponseCodec.java:53)
at org.openqa.selenium.remote.HttpCommandExecutor.execute(HttpCommandExecutor.java:193)
at org.openqa.selenium.remote.service.DriverCommandExecutor.invokeExecute(DriverCommandExecutor.java:183)
at org.openqa.selenium.remote.service.DriverCommandExecutor.execute(DriverCommandExecutor.java:158)
at org.openqa.selenium.remote.RemoteWebDriver.execute(RemoteWebDriver.java:543)
at org.openqa.selenium.remote.ElementLocation$ElementFinder$2.findElement(ElementLocation.java:162)
at org.openqa.selenium.remote.ElementLocation.findElement(ElementLocation.java:60)
at org.openqa.selenium.remote.RemoteWebDriver.findElement(RemoteWebDriver.java:352)
at org.openqa.selenium.remote.RemoteWebDriver.findElement(RemoteWebDriver.java:344)
at org.openqa.selenium.support.pagefactory.DefaultElementLocator.findElement(DefaultElementLocator.java:70)
at org.openqa.selenium.support.pagefactory.internal.LocatingElementHandler.invoke(LocatingElementHandler.java:39)
at jdk.proxy2/jdk.proxy2.$Proxy17.getWrappedElement(Unknown Source)
at org.openqa.selenium.remote.internal.WebElementToJsonConverter.apply(WebElementToJsonConverter.java:51)
at java.base/java.util.stream.ReferencePipeline$3$1.accept(ReferencePipeline.java:197)
at java.base/java.util.Spliterators$ArraySpliterator.forEachRemaining(Spliterators.java:992)
at java.base/java.util.stream.AbstractPipeline.copyInto(AbstractPipeline.java:509)
at java.base/java.util.stream.AbstractPipeline.wrapAndCopyInto(AbstractPipeline.java:499)
at java.base/java.util.stream.ReduceOps$ReduceOp.evaluateSequential(ReduceOps.java:921)
at java.base/java.util.stream.AbstractPipeline.evaluate(AbstractPipeline.java:234)
at java.base/java.util.stream.ReferencePipeline.collect(ReferencePipeline.java:682)
at org.openqa.selenium.remote.RemoteWebDriver.executeScript(RemoteWebDriver.java:477)
at com.selldo.Utility.ReusableUtils.Square(ReusableUtils.java:278)
at com.selldo.Utility.ReusableUtils.jsClick(ReusableUtils.java:265)
at com.selldo.POM.crm.LoginPage.login(LoginPage.java:33)
at login.SupportManager_LoginTest.supportManager_LoginTest(SupportManager_LoginTest.java:20)
at java.base/jdk.internal.reflect.NativeMethodAccessorImpl.invoke0(Native Method)
at java.base/jdk.internal.reflect.NativeMethodAccessorImpl.invoke(NativeMethodAccessorImpl.java:77)
at java.base/jdk.internal.reflect.DelegatingMethodAccessorImpl.invoke(DelegatingMethodAccessorImpl.java:43)
at java.base/java.lang.reflect.Method.invoke(Method.java:568)
at org.testng.internal.invokers.MethodInvocationHelper.invokeMethod(MethodInvocationHelper.java:139)
at org.testng.internal.invokers.TestInvoker.invokeMethod(TestInvoker.java:677)
at org.testng.internal.invokers.TestInvoker.retryFailed(TestInvoker.java:263)
at org.testng.internal.invokers.MethodRunner.runInSequence(MethodRunner.java:62)
at org.testng.internal.invokers.TestInvoker$MethodInvocationAgent.invoke(TestInvoker.java:969)
at org.testng.internal.invokers.TestInvoker.invokeTestMethods(TestInvoker.java:194)
at org.testng.internal.invokers.TestMethodWorker.invokeTestMethods(TestMethodWorker.java:148)
at org.testng.internal.invokers.TestMethodWorker.run(TestMethodWorker.java:128)
at java.base/java.util.ArrayList.forEach(ArrayList.java:1511)
at org.testng.TestRunner.privateRun(TestRunner.java:829)
at org.testng.TestRunner.run(TestRunner.java:602)
at org.testng.SuiteRunner.runTest(SuiteRunner.java:437)
at org.testng.SuiteRunner.runSequentially(SuiteRunner.java:431)
at org.testng.SuiteRunner.privateRun(SuiteRunner.java:391)
at org.testng.SuiteRunner.run(SuiteRunner.java:330)
at org.testng.SuiteRunnerWorker.runSuite(SuiteRunnerWorker.java:52)
at org.testng.SuiteRunnerWorker.run(SuiteRunnerWorker.java:95)
at org.testng.TestNG.runSuitesSequentially(TestNG.java:1256)
at org.testng.TestNG.runSuitesLocally(TestNG.java:1176)
at org.testng.TestNG.runSuites(TestNG.java:1099)
at org.testng.TestNG.run(TestNG.java:1067)
at org.testng.remote.AbstractRemoteTestNG.run(AbstractRemoteTestNG.java:115)
at org.testng.remote.RemoteTestNG.initAndRun(RemoteTestNG.java:251)
at org.testng.remote.RemoteTestNG.main(RemoteTestNG.java:77)
]]>
            </full-stacktrace>
          </exception> <!-- org.openqa.selenium.NoSuchElementException -->
          <reporter-output>
          </reporter-output>
        </test-method> <!-- supportManager_LoginTest -->
        <test-method is-config="true" signature="terminate()[pri:0, instance:login.SupportManager_LoginTest@1a760689]" started-at="2023-08-23T18:40:37 IST" name="terminate" finished-at="2023-08-23T18:40:37 IST" duration-ms="101" status="PASS">
          <reporter-output>
          </reporter-output>
        </test-method> <!-- terminate -->
      </class> <!-- login.SupportManager_LoginTest -->
      <class name="login.SuperAdmin_LoginTest">
        <test-method is-config="true" signature="browserConfig()[pri:0, instance:login.SuperAdmin_LoginTest@3f270e0a]" started-at="2023-08-23T18:40:04 IST" name="browserConfig" finished-at="2023-08-23T18:40:06 IST" duration-ms="1751" status="PASS">
          <reporter-output>
          </reporter-output>
        </test-method> <!-- browserConfig -->
        <test-method signature="superAdmin_LoginTest()[pri:0, instance:login.SuperAdmin_LoginTest@3f270e0a]" started-at="2023-08-23T18:40:06 IST" name="superAdmin_LoginTest" finished-at="2023-08-23T18:40:12 IST" duration-ms="6611" status="PASS">
          <reporter-output>
          </reporter-output>
        </test-method> <!-- superAdmin_LoginTest -->
        <test-method is-config="true" signature="terminate()[pri:0, instance:login.SuperAdmin_LoginTest@3f270e0a]" started-at="2023-08-23T18:40:12 IST" name="terminate" finished-at="2023-08-23T18:40:13 IST" duration-ms="101" status="PASS">
          <reporter-output>
          </reporter-output>
        </test-method> <!-- terminate -->
      </class> <!-- login.SuperAdmin_LoginTest -->
      <class name="login.Postsales_LoginTest">
        <test-method is-config="true" signature="browserConfig()[pri:0, instance:login.Postsales_LoginTest@7241a47d]" started-at="2023-08-23T18:40:37 IST" name="browserConfig" finished-at="2023-08-23T18:40:40 IST" duration-ms="2546" status="PASS">
          <reporter-output>
          </reporter-output>
        </test-method> <!-- browserConfig -->
        <test-method signature="postsalesLoginTest()[pri:0, instance:login.Postsales_LoginTest@7241a47d]" started-at="2023-08-23T18:40:40 IST" name="postsalesLoginTest" finished-at="2023-08-23T18:40:45 IST" duration-ms="5616" status="PASS">
          <reporter-output>
          </reporter-output>
        </test-method> <!-- postsalesLoginTest -->
        <test-method is-config="true" signature="terminate()[pri:0, instance:login.Postsales_LoginTest@7241a47d]" started-at="2023-08-23T18:40:45 IST" name="terminate" finished-at="2023-08-23T18:40:45 IST" duration-ms="102" status="PASS">
          <reporter-output>
          </reporter-output>
        </test-method> <!-- terminate -->
      </class> <!-- login.Postsales_LoginTest -->
    </test> <!-- Test -->
  </suite> <!-- Suite -->
</testng-results>
